2023-04-11T14:51:02.652Z, info, POST /lender/rent, Rent created successfully
2023-04-12T06:00:18.829Z, info, PUT /lender/editItems/2, Item edited successfully
2023-04-12T06:31:51.032Z, error, PUT /lender/editItems/2, Unable to update item
2023-04-12T06:33:01.908Z, error, PUT /lender/editItems/2, Unable to update item
2023-04-12T06:34:50.932Z, error, PUT /lender/editItems/2, Unable to update item
2023-04-12T06:35:19.669Z, info, PUT /lender/editItems/2, Item edited successfully
2023-04-12T08:17:35.623Z, error, PUT /lender/editItems/2, Unable to update item
2023-04-12T08:18:44.435Z, error, PUT /lender/editItems/2, Unable to update item
2023-04-12T08:37:35.833Z, error, PUT /lender/editItems/2, Unable to update item
2023-04-12T08:45:35.779Z, error, PUT /lender/editItems/2, Unable to update item
2023-04-12T08:46:33.281Z, error, PUT /lender/editItems/2, Unable to update item
2023-04-12T08:49:18.733Z, error, PUT /lender/editItems/2, Unable to update item
2023-04-12T08:53:24.343Z, error, PUT /lender/editItems/2, Unable to update item
2023-04-12T09:32:28.229Z, info, PUT /lender/editItems/2, Item edited successfully
2023-04-12T09:35:19.652Z, info, PUT /lender/editItems/1, Item edited successfully
2023-04-12T11:15:31.941Z, info, DELETE /lender/deleteOrder/1, order deleted successfully
2023-04-12T11:18:11.774Z, error, DELETE /lender/deleteOrder/1, Unable to delete
2023-04-12T11:18:14.667Z, info, DELETE /lender/deleteOrder/2, order deleted successfully
2023-04-12T13:58:52.266Z, info, POST /lender/uploadCategory, uploaded
2023-04-12T14:00:11.946Z, info, POST /lender/uploadBrand, uploaded
2023-04-12T14:01:21.813Z, info, POST /lender/uploadProduct, uploaded
2023-04-12T14:37:06.687Z, info, POST /lender/sale, purchased successfully
2023-04-12T14:37:58.697Z, info, POST /lender/sale, purchased successfully
2023-04-12T14:39:13.251Z, info, POST /lender/rent, Rent created successfully
2023-04-12T14:39:49.355Z, info, POST /lender/rent, Rent created successfully
2023-04-12T15:40:31.870Z, info, PUT /lender/editItems/1, Item edited successfully
2023-04-12T15:43:24.972Z, info, PUT /lender/editItems/1, Item edited successfully
2023-04-13T03:57:00.604Z, error, PUT /lender/editItems/1, Unable to update item
2023-04-13T03:57:41.878Z, error, PUT /lender/editItems/1, Unable to update item
2023-04-13T03:58:08.303Z, error, PUT /lender/editItems/1, Unable to update item
2023-04-13T04:00:15.572Z, info, PUT /lender/editItems/1, Item edited successfully
2023-04-13T04:04:05.429Z, info, PUT /lender/editItems/2, Item edited successfully
2023-04-13T04:04:38.232Z, info, PUT /lender/editItems/1, Item edited successfully
2023-04-13T04:05:24.615Z, info, PUT /lender/editItems/1, Item edited successfully
2023-04-13T04:06:08.943Z, info, PUT /lender/editItems/1, Item edited successfully
2023-04-13T04:06:27.794Z, info, PUT /lender/editItems/2, Item edited successfully
2023-04-13T04:07:27.607Z, info, PUT /lender/editItems/1, Item edited successfully
2023-04-13T04:08:17.586Z, info, PUT /lender/editItems/6, Item edited successfully
2023-04-13T04:08:22.983Z, info, PUT /lender/editItems/6, Item edited successfully
2023-04-13T04:18:30.349Z, info, PUT /lender/editItems/6, Item edited successfully
2023-04-13T04:18:59.243Z, info, PUT /lender/editItems/6, Item edited successfully
2023-04-13T04:20:52.399Z, info, PUT /lender/editItems/42, Item edited successfully
2023-04-13T04:21:01.566Z, info, PUT /lender/editItems/42, Item edited successfully
2023-04-13T04:24:59.818Z, info, PUT /lender/editItems/42, Item edited successfully
2023-04-13T04:25:35.931Z, info, PUT /lender/editItems/42, Item edited successfully
2023-04-13T08:55:43.357Z, info, POST /lender/createCategory, category created
2023-04-13T08:57:11.558Z, info, POST /lender/createCategory, category created
2023-04-13T08:58:29.617Z, info, POST /lender/createCategory, category created
2023-04-13T08:59:25.472Z, info, POST /lender/createCategory, category created
2023-04-13T09:00:01.683Z, info, POST /lender/createCategory, category created
2023-04-13T09:00:38.192Z, info, POST /lender/createCategory, category created
2023-04-13T09:01:59.673Z, info, POST /lender/createCategory, category created
2023-04-13T09:02:24.078Z, info, POST /lender/createCategory, category created
2023-04-13T09:03:02.240Z, info, POST /lender/createCategory, category created
2023-04-13T09:03:51.366Z, info, POST /lender/createCategory, category created
2023-04-14T05:01:19.246Z, info, POST /lender/createProduct, product created successfully
2023-04-14T05:27:00.011Z, info, DELETE /lender/deleteProduct/46, product deleted successfully
2023-04-14T05:31:39.647Z, info, POST /lender/createCategory, category created
2023-04-14T05:34:26.962Z, info, POST /lender/createCategory, category created
2023-04-14T05:39:38.113Z, info, POST /lender/createCategory, category created
2023-04-14T11:09:09.014Z, info, GET /lender/searchUserManagement, Data fetched successfully
2023-04-14T11:09:26.032Z, info, GET /lender/searchUserManagement, Data fetched successfully
2023-04-15T04:49:02.430Z, info, GET /lender/searchUserManagement, Data fetched successfully
2023-04-15T04:49:25.911Z, info, GET /lender/searchItemManagement, Data fetched successfully
2023-04-15T04:51:57.889Z, info, POST /lender/createCategory, category created
2023-04-15T04:53:47.079Z, info, GET /lender/searchUserManagement, Data fetched successfully
2023-04-15T04:55:29.075Z, info, GET /lender/searchUserManagement, Data fetched successfully
2023-04-15T04:55:34.879Z, info, GET /lender/searchUserManagement, Data fetched successfully
2023-04-15T05:31:21.050Z, info, POST /lender/uploadCategory, uploaded
2023-04-15T05:31:40.908Z, info, POST /lender/uploadBrand, uploaded
2023-04-15T05:31:55.143Z, info, POST /lender/uploadProduct, uploaded
2023-04-15T05:33:00.178Z, info, POST /lender/createProduct, product created successfully
2023-04-15T06:14:33.479Z, info, POST /lender/sale, purchased successfully
2023-04-15T06:15:01.499Z, info, POST /lender/sale, purchased successfully
2023-04-15T06:15:36.612Z, info, POST /lender/rent, Rent created successfully
2023-04-15T06:16:23.545Z, info, POST /lender/rent, Rent created successfully
2023-04-15T06:17:11.365Z, info, GET /lender/searchUserManagement, Data fetched successfully
2023-04-15T06:17:20.148Z, info, GET /lender/searchItemManagement, Data fetched successfully
2023-04-15T06:17:47.305Z, info, GET /lender/getItemsById/4, Data fetched successfully
2023-04-15T06:18:59.059Z, info, GET /lender/getItemsById/8, Data fetched successfully
2023-04-15T06:20:02.629Z, info, GET /lender/searchItemManagement, Data fetched successfully
2023-04-15T06:20:15.091Z, info, GET /lender/searchOrderManagement/, Data fetched successfully
2023-04-15T06:20:52.591Z, info, GET /lender/masterData, categories swapped successfully
2023-04-15T06:21:29.489Z, info, GET /lender/masterData, categories swapped successfully
2023-04-16T13:21:44.325Z, info, GET /lender/searchOrderManagement/, Data fetched successfully
2023-04-16T13:21:57.612Z, info, GET /lender/searchItemManagement, Data fetched successfully
2023-04-16T13:22:34.638Z, info, GET /lender/getOrdersById/3, Data fetched successfully
2023-04-17T04:03:44.235Z, info, GET /lender/searchUserManagement, Data fetched successfully
2023-04-17T04:08:28.640Z, info, GET /lender/masterData, categories swapped successfully
2023-04-17T04:08:44.981Z, info, GET /lender/masterData, categories swapped successfully
2023-04-17T04:08:54.940Z, info, GET /lender/masterData, categories swapped successfully
2023-04-17T04:09:13.261Z, info, GET /lender/masterData, categories swapped successfully
2023-04-17T04:09:28.527Z, info, GET /lender/masterData, categories swapped successfully
2023-04-17T04:20:47.239Z, info, GET /lender/searchUserManagement, Data fetched successfully
2023-04-17T04:21:20.801Z, info, GET /lender/searchItemManagement, Data fetched successfully
2023-04-17T04:22:01.692Z, info, GET /lender/searchItemManagement, Data fetched successfully
2023-04-17T05:11:43.143Z, info, GET /lender/masterData, categories swapped successfully
2023-04-17T05:12:04.283Z, info, GET /lender/masterData, categories swapped successfully
2023-04-17T05:12:52.609Z, info, GET /lender/masterData, categories swapped successfully
2023-04-17T05:13:14.180Z, info, GET /lender/masterData, categories swapped successfully
2023-04-17T05:15:48.213Z, info, GET /lender/masterData, categories swapped successfully
2023-04-17T05:15:54.589Z, info, GET /lender/masterData, categories swapped successfully
2023-04-17T06:56:13.702Z, info, GET /lender/masterData, categories swapped successfully
2023-04-17T06:56:26.196Z, info, GET /lender/masterData, categories swapped successfully
2023-04-17T06:56:35.912Z, info, GET /lender/masterData, categories swapped successfully
2023-04-17T06:57:40.523Z, info, GET /lender/masterData, categories swapped successfully
2023-04-17T06:57:47.792Z, info, GET /lender/masterData, categories swapped successfully
2023-04-17T07:00:32.868Z, info, GET /lender/masterData, categories swapped successfully
2023-04-17T07:00:44.384Z, info, GET /lender/masterData, categories swapped successfully
2023-04-17T07:01:24.060Z, info, GET /lender/masterData, categories swapped successfully
2023-04-17T08:18:26.607Z, info, GET /lender/searchOrderManagement/, Data fetched successfully
2023-04-17T08:24:26.899Z, info, GET /lender/searchUserManagement, Data fetched successfully
2023-04-17T08:24:38.266Z, error, GET /lender/searchUserManagement, Data not found
2023-04-17T08:24:47.448Z, error, GET /lender/searchUserManagement, Data not found
2023-04-17T08:24:56.176Z, error, GET /lender/searchUserManagement, Data not found
2023-04-17T08:25:29.783Z, info, GET /lender/searchUserManagement, Data fetched successfully
2023-04-17T08:25:40.922Z, info, GET /lender/searchUserManagement, Data fetched successfully
2023-04-17T08:26:11.362Z, info, GET /lender/searchUserManagement, Data fetched successfully
2023-04-17T08:27:01.261Z, info, GET /lender/searchUserManagement, Data fetched successfully
2023-04-17T08:27:06.984Z, info, GET /lender/searchUserManagement, Data fetched successfully
2023-04-17T08:29:16.978Z, info, GET /lender/searchUserManagement, Data fetched successfully
2023-04-17T08:29:31.487Z, info, GET /lender/searchUserManagement, Data fetched successfully
2023-04-17T10:57:21.649Z, info, GET /lender/searchUserManagement, Data fetched successfully
2023-04-17T10:57:27.625Z, info, GET /lender/searchUserManagement, Data fetched successfully
2023-04-17T10:57:34.745Z, info, GET /lender/searchItemManagement, Data fetched successfully
2023-04-17T10:57:44.205Z, info, GET /lender/searchOrderManagement/, Data fetched successfully
2023-04-17T11:02:00.633Z, info, GET /lender/getItemsById/8, Data fetched successfully
2023-04-17T11:03:18.895Z, info, GET /lender/getOrdersById/3, Data fetched successfully
2023-04-17T11:05:01.975Z, info, GET /lender/masterData, categories swapped successfully
2023-04-17T11:12:59.631Z, info, GET /lender/searchUserManagement, Data fetched successfully
2023-04-18T04:17:38.016Z, info, GET /lender/searchUserManagement, Data fetched successfully
2023-04-18T04:22:25.144Z, info, GET /lender/searchItemManagement, Data fetched successfully
2023-04-18T04:26:08.101Z, info, GET /lender/searchUserManagement, Data fetched successfully
2023-04-18T05:33:20.553Z, info, GET /lender/searchUserManagement, Data fetched successfully
2023-04-18T05:34:47.487Z, info, GET /lender/searchUserManagement, Data fetched successfully
2023-04-18T06:12:55.922Z, info, GET /lender/searchUserManagement, Data fetched successfully
2023-04-18T06:13:37.993Z, info, GET /lender/searchUserManagement, Data fetched successfully
2023-04-18T06:33:39.123Z, info, GET /lender/searchUserManagement, Data fetched successfully
2023-04-18T07:26:54.626Z, info, GET /lender/searchUserManagement, Data fetched successfully
2023-04-18T07:34:13.258Z, info, GET /lender/searchItemManagement, Data fetched successfully
2023-04-18T07:37:35.763Z, info, GET /lender/getItemsById/8, Data fetched successfully
2023-04-18T07:41:49.823Z, info, GET /lender/searchOrderManagement/, Data fetched successfully
2023-04-18T07:45:10.614Z, info, GET /lender/getOrdersById/3, Data fetched successfully
2023-04-18T07:47:04.579Z, info, PUT /lender/editItems/42, Item edited successfully
2023-04-18T07:52:07.551Z, info, DELETE /lender/deleteProduct/45, product deleted successfully
2023-04-18T07:54:24.711Z, info, GET /lender/masterData, categories swapped successfully
2023-04-18T07:56:36.750Z, info, POST /lender/createCategory, category created
2023-04-18T09:34:30.983Z, info, GET /lender/searchUserManagement, Data fetched successfully
2023-04-19T08:41:22.916Z, info, POST /lender/login, user login successfully
2023-04-19T08:43:12.675Z, info, GET /lender/getCategory, product fetched successfully
2023-04-19T08:43:38.220Z, info, GET /lender/getProduct, product fetched successfully
2023-04-19T08:43:55.884Z, info, GET /lender/getBrand, brand fetched successfully
2023-04-19T08:44:59.817Z, info, PUT /lender/edit/44, product fetched successfully
2023-04-19T08:45:19.891Z, info, GET /lender/searchAll, fetched successfully
2023-04-19T08:45:42.617Z, info, GET /lender/myrentals, myRentals fetched
2023-04-20T09:46:18.497Z, info, POST /lender/register, user created
2023-04-20T09:48:06.101Z, info, POST /lender/register, user created
2023-04-20T09:50:03.981Z, info, POST /lender/register, user created
2023-04-20T09:50:43.050Z, info, POST /lender/register, user created
2023-04-20T09:53:32.463Z, info, POST /lender/register, user created
2023-04-20T09:55:05.912Z, info, POST /lender/register, user created
2023-04-20T10:16:35.195Z, info, POST /lender/login, user login successfully
2023-04-20T10:16:50.598Z, info, POST /lender/login, user login successfully
2023-04-20T10:17:08.287Z, info, POST /lender/login, user login successfully
2023-04-20T10:29:31.246Z, info, POST /lender/register, user created
2023-04-20T10:30:13.718Z, info, POST /lender/register, user created
2023-04-20T10:33:55.967Z, info, POST /lender/login, user login successfully
2023-04-20T10:34:05.103Z, info, POST /lender/login, user login successfully
2023-04-20T10:34:48.094Z, info, POST /lender/login, user login successfully
2023-04-20T10:39:25.871Z, info, POST /lender/login, user login successfully
2023-04-20T10:40:06.461Z, info, POST /lender/login, user login successfully
2023-04-20T11:05:04.351Z, info, POST /lender/login, user login successfully
2023-04-20T11:05:55.589Z, info, POST /lender/login, user login successfully
2023-04-20T11:07:11.235Z, info, POST /lender/login, user login successfully
2023-04-20T11:07:38.634Z, info, POST /lender/login, user login successfully
2023-04-20T11:07:57.555Z, info, POST /lender/login, user login successfully
2023-04-20T11:09:01.848Z, info, POST /lender/login, user login successfully
2023-04-20T11:09:21.556Z, info, POST /lender/login, user login successfully
2023-04-20T11:09:40.699Z, error, POST /lender/login, unable to login
2023-04-20T11:11:59.863Z, info, POST /lender/login, user login successfully
2023-04-20T11:12:49.610Z, info, POST /lender/login, user login successfully
2023-04-20T11:13:13.902Z, info, POST /lender/login, user login successfully
2023-04-20T11:15:53.433Z, info, POST /lender/login, user login successfully
2023-04-20T11:19:22.284Z, info, POST /lender/login, user login successfully
2023-04-20T11:21:21.208Z, info, POST /lender/login, user login successfully
2023-04-20T11:21:38.688Z, info, POST /lender/login, user login successfully
2023-04-20T11:23:24.256Z, info, POST /lender/login, user login successfully
2023-04-20T11:25:16.782Z, info, POST /lender/login, user login successfully
2023-04-20T11:32:19.463Z, error, POST /lender/login, unable to login
2023-04-20T11:41:31.996Z, error, POST /lender/login, unable to login
2023-04-20T11:41:35.814Z, error, POST /lender/login, unable to login
2023-04-20T11:42:00.910Z, info, POST /lender/login, user login successfully
2023-04-20T11:42:16.187Z, info, POST /lender/login, user login successfully
2023-04-20T11:44:28.519Z, info, POST /lender/createCategory, category created
2023-04-20T11:50:09.915Z, info, POST /lender/login, user login successfully
2023-04-20T11:55:51.435Z, info, POST /lender/createCategory, category created
2023-04-20T11:58:06.592Z, info, POST /lender/createBrand, brand created successfully
2023-04-20T15:25:04.600Z, info, POST /lender/login, user login successfully
2023-04-20T15:28:49.147Z, error, POST /lender/createProduct, unable to create
2023-04-20T15:32:09.449Z, error, POST /lender/createProduct, unable to create
2023-04-20T15:32:26.144Z, error, POST /lender/createProduct, unable to create
2023-04-20T15:38:52.847Z, error, POST /lender/createProduct, unable to create
2023-04-20T15:39:02.431Z, error, POST /lender/createProduct, unable to create
2023-04-20T15:39:21.231Z, error, POST /lender/createProduct, unable to create
2023-04-20T15:40:44.690Z, error, POST /lender/createProduct, unable to create
2023-04-20T15:45:05.330Z, info, POST /lender/createProduct, product created successfully
2023-04-20T15:45:37.968Z, info, POST /lender/createProduct, product created successfully
2023-04-20T16:21:23.059Z, info, GET /lender/getCategory, product fetched successfully
2023-04-20T16:21:51.996Z, info, GET /lender/getCategory, product fetched successfully
2023-04-20T16:22:01.235Z, info, GET /lender/getCategory, product fetched successfully
2023-04-20T16:22:20.540Z, info, GET /lender/searchAll, fetched successfully
2023-04-20T16:24:37.459Z, info, GET /lender/searchAll, fetched successfully
2023-04-20T16:24:39.760Z, error, GET /lender/getCategory, unable to fetch
2023-04-20T16:29:12.201Z, info, GET /lender/getCategory, category fetched successfully
2023-04-20T16:32:49.868Z, info, GET /lender/getCategory, product fetched successfully
2023-04-20T16:33:00.690Z, info, GET /lender/getCategory, product fetched successfully
2023-04-20T16:33:08.455Z, info, GET /lender/getCategory, product fetched successfully
2023-04-20T23:27:15.690Z, info, POST /lender/login, user login successfully
2023-04-20T23:27:34.110Z, info, GET /lender/getCategory, product fetched successfully
2023-04-20T23:27:53.464Z, info, GET /lender/getCategory, product fetched successfully
2023-04-20T23:28:10.065Z, info, GET /lender/getCategory, product fetched successfully
2023-04-20T23:28:14.528Z, info, GET /lender/getCategory, product fetched successfully
2023-04-20T23:28:19.772Z, info, GET /lender/getCategory, product fetched successfully
2023-04-20T23:28:37.371Z, info, GET /lender/searchAll, fetched successfully
2023-04-20T23:31:03.484Z, info, GET /lender/getCategory, product fetched successfully
2023-04-20T23:31:20.320Z, info, GET /lender/getCategory, product fetched successfully
2023-04-20T23:31:45.899Z, info, GET /lender/getCategory, product fetched successfully
2023-04-20T23:33:22.448Z, info, GET /lender/getCategory, product fetched successfully
2023-04-20T23:33:44.031Z, info, GET /lender/getCategory, product fetched successfully
2023-04-20T23:33:59.354Z, info, GET /lender/getCategory, product fetched successfully
2023-04-20T23:34:05.515Z, info, GET /lender/getCategory, product fetched successfully
2023-04-20T23:34:07.451Z, info, GET /lender/getCategory, product fetched successfully
2023-04-20T23:34:09.998Z, info, GET /lender/getCategory, product fetched successfully
2023-04-20T23:34:12.800Z, info, GET /lender/getCategory, product fetched successfully
2023-04-20T23:34:17.364Z, info, GET /lender/getCategory, product fetched successfully
2023-04-20T23:34:22.266Z, info, GET /lender/getCategory, product fetched successfully
2023-04-20T23:34:31.216Z, info, GET /lender/getCategory, product fetched successfully
2023-04-20T23:34:41.092Z, info, GET /lender/getCategory, product fetched successfully
2023-04-20T23:35:22.635Z, info, GET /lender/getCategory, product fetched successfully
2023-04-20T23:35:27.336Z, info, GET /lender/getCategory, product fetched successfully
2023-04-20T23:35:39.528Z, info, GET /lender/getCategory, product fetched successfully
2023-04-20T23:35:43.118Z, info, GET /lender/getCategory, product fetched successfully
2023-04-20T23:35:47.226Z, info, GET /lender/getCategory, product fetched successfully
2023-04-20T23:39:06.349Z, error, GET /lender/getCategory, unable to fetch
2023-04-20T23:39:19.809Z, info, GET /lender/getCategory, product fetched successfully
2023-04-20T23:45:07.818Z, info, GET /lender/getBrand, brand fetched successfully
2023-04-20T23:45:20.270Z, info, GET /lender/getBrand, brand fetched successfully
2023-04-20T23:45:31.200Z, info, GET /lender/getBrand, brand fetched successfully
2023-04-20T23:46:22.527Z, info, GET /lender/getBrand, brand fetched successfully
2023-04-20T23:54:20.199Z, info, GET /lender/getBrand, brand fetched successfully
2023-04-20T23:54:59.225Z, info, GET /lender/getBrand, brand fetched successfully
2023-04-20T23:55:11.323Z, info, GET /lender/getBrand, brand fetched successfully
2023-04-20T23:55:31.027Z, info, GET /lender/getProduct, product fetched successfully
2023-04-21T00:11:03.892Z, info, GET /lender/getProduct, product fetched successfully
2023-04-21T00:11:58.791Z, info, GET /lender/getProduct, product fetched successfully
2023-04-21T00:12:23.485Z, info, GET /lender/getProduct, product fetched successfully
2023-04-21T00:12:42.812Z, info, GET /lender/getProduct, product fetched successfully
2023-04-21T00:13:16.235Z, info, GET /lender/getProduct, product fetched successfully
2023-04-21T00:13:22.824Z, info, GET /lender/getProduct, product fetched successfully
2023-04-21T00:13:34.182Z, info, GET /lender/getProduct, product fetched successfully
2023-04-21T04:41:49.039Z, info, POST /lender/login, user login successfully
2023-04-21T04:42:32.457Z, info, GET /lender/getProduct, product fetched successfully
2023-04-21T04:42:58.471Z, info, GET /lender/getProduct, product fetched successfully
2023-04-21T04:49:40.300Z, info, GET /lender/getProduct, product fetched successfully
2023-04-21T04:49:49.829Z, info, GET /lender/getProduct, product fetched successfully
2023-04-21T05:37:19.069Z, info, PUT /lender/edit/44, product edited successfully
2023-04-21T05:38:44.165Z, info, PUT /lender/edit/4, product edited successfully
2023-04-21T05:41:14.909Z, info, PUT /lender/edit/4, product edited successfully
2023-04-21T05:45:19.751Z, info, POST /lender/login, user login successfully
2023-04-21T07:03:59.449Z, info, POST /lender/login, user login successfully
2023-04-21T07:04:25.194Z, error, DELETE /lender/deleteOrder/44, order not found
2023-04-21T07:08:45.028Z, info, DELETE /lender/deleteOrder/6, order deleted successfully
2023-04-21T07:18:58.564Z, info, GET /lender/getRent, rental fetched
2023-04-21T07:22:13.771Z, info, POST /lender/rent, Rent created successfully
2023-04-21T07:22:23.471Z, info, GET /lender/getRent, rental fetched
2023-04-21T08:04:20.454Z, info, GET /lender/getRent, rental fetched
2023-04-21T08:08:29.068Z, error, GET /lender/getRent, unable to fetch
2023-04-21T08:09:19.659Z, error, GET /lender/getRent, unable to fetch
2023-04-21T08:13:06.256Z, error, GET /lender/getRent, unable to fetch
2023-04-21T08:13:17.714Z, error, GET /lender/getRent, unable to fetch
2023-04-21T08:23:31.737Z, error, GET /lender/getRent, unable to fetch
2023-04-21T08:24:24.419Z, error, GET /lender/getRent, unable to fetch
2023-04-21T08:24:36.102Z, error, GET /lender/getRent, unable to fetch
2023-04-21T08:25:16.601Z, error, GET /lender/getRent, unable to fetch
2023-04-21T08:27:51.784Z, info, GET /lender/getRent, rental fetched
2023-04-21T08:31:44.761Z, error, GET /lender/getRent, unable to fetch
2023-04-21T08:32:08.121Z, error, GET /lender/getRent, unable to fetch
2023-04-21T08:36:17.819Z, error, GET /lender/getRent, unable to fetch
2023-04-21T08:36:18.988Z, error, GET /lender/getRent, unable to fetch
2023-04-21T08:37:44.182Z, info, GET /lender/getRent, product fetched successfully
2023-04-21T08:37:54.455Z, info, GET /lender/getRent, product fetched successfully
2023-04-21T08:39:30.112Z, error, GET /lender/getRent, unable to fetch
2023-04-21T08:47:25.007Z, info, GET /lender/getRent, rental fetched
2023-04-21T08:47:50.117Z, info, GET /lender/getRent, rental fetched
2023-04-21T08:48:11.354Z, info, GET /lender/getRent, rental fetched
2023-04-21T08:48:49.719Z, info, POST /lender/login, user login successfully
2023-04-21T08:49:10.277Z, info, GET /lender/myrentals, myRentals fetched
2023-04-21T08:50:12.242Z, error, GET /lender/myrentals, unable to fetch
2023-04-21T08:50:14.074Z, error, GET /lender/myrentals, unable to fetch
2023-04-21T08:50:49.295Z, info, GET /lender/myrentals, myRentals fetched
2023-04-21T08:52:47.098Z, info, GET /lender/myrentals, myRentals fetched
2023-04-21T08:52:51.766Z, info, GET /lender/myrentals, myRentals fetched
2023-04-21T08:52:53.653Z, info, GET /lender/myrentals, myRentals fetched
2023-04-21T08:53:15.072Z, info, GET /lender/myrentals, myRentals fetched
2023-04-21T08:53:46.930Z, info, GET /lender/myrentals, myRentals fetched
2023-04-21T08:53:49.229Z, info, GET /lender/myrentals, myRentals fetched
2023-04-21T08:54:06.475Z, info, GET /lender/myrentals, myRentals fetched
2023-04-21T09:10:44.842Z, info, GET /lender/myclosets, myCloset fetched
2023-04-21T09:11:00.487Z, error, GET /lender/myrentals, unable to fetch
2023-04-21T09:11:13.239Z, info, GET /lender/myclosets, myCloset fetched
2023-04-21T09:11:52.872Z, info, GET /lender/myrentals, myRentals fetched
2023-04-21T09:12:00.934Z, info, GET /lender/myrentals, myRentals fetched
2023-04-21T09:12:09.791Z, info, GET /lender/myrentals, myRentals fetched
2023-04-21T09:12:14.795Z, info, GET /lender/myclosets, myCloset fetched
2023-04-21T09:12:19.115Z, info, GET /lender/myclosets, myCloset fetched
2023-04-21T09:12:24.328Z, info, GET /lender/myclosets, myCloset fetched
2023-04-21T09:36:59.631Z, info, GET /lender/myclosets, myCloset fetched
2023-04-21T09:37:39.842Z, error, GET /lender/myList, unable to fetch
2023-04-21T09:38:57.259Z, error, GET /lender/myList, unable to fetch
2023-04-21T09:57:50.787Z, info, POST /lender/login, user login successfully
2023-04-21T10:57:30.686Z, error, GET /lender/myList, unable to fetch
2023-04-21T10:58:03.346Z, error, GET /lender/myList, unable to fetch
2023-04-21T11:01:06.947Z, error, GET /lender/myList, unable to fetch
2023-04-21T15:08:29.622Z, info, POST /lender/login, user login successfully
2023-04-21T15:08:44.158Z, error, GET /lender/myList, unable to fetch
2023-04-21T15:36:09.179Z, info, GET /lender/allusers, user fetched
2023-04-21T15:36:30.957Z, info, GET /lender/allusers, user fetched
2023-04-21T15:36:35.103Z, info, GET /lender/allusers, user fetched
2023-04-21T15:36:53.332Z, info, GET /lender/users, user fetched
2023-04-21T15:36:57.311Z, info, GET /lender/users, user fetched
2023-04-21T15:37:01.670Z, info, GET /lender/users, user fetched
2023-04-21T15:37:28.521Z, info, GET /lender/users, user fetched
2023-04-21T15:39:39.755Z, info, GET /lender/users, user fetched
2023-04-21T15:41:56.974Z, info, GET /lender/orders, orders fetched
2023-04-21T15:42:48.743Z, info, GET /lender/orders, orders fetched
2023-04-21T15:42:55.857Z, info, GET /lender/orders, orders fetched
2023-04-21T15:43:32.466Z, info, GET /lender/orders, orders fetched
2023-04-21T15:45:35.693Z, info, GET /lender/getRent, rental fetched
2023-04-21T15:45:41.090Z, info, GET /lender/getRent, rental fetched
2023-04-21T15:45:43.515Z, info, GET /lender/getRent, rental fetched
2023-04-21T15:46:06.762Z, info, GET /lender/getRent, rental fetched
2023-04-21T15:46:18.832Z, info, GET /lender/getRent, rental fetched
2023-04-21T15:46:33.506Z, info, GET /lender/getRent, rental fetched
2023-04-21T16:07:37.047Z, error, GET /lender/getRent, unable to fetch
2023-04-21T16:07:56.078Z, error, GET /lender/getRent, unable to fetch
2023-04-21T16:08:10.132Z, info, GET /lender/getRent, rental fetched
2023-04-21T16:08:20.526Z, info, GET /lender/getRent, rental fetched
2023-04-21T16:08:33.532Z, info, GET /lender/getRent, rental fetched
2023-04-21T16:08:36.626Z, info, GET /lender/getRent, rental fetched
2023-04-21T16:09:23.148Z, info, GET /lender/getSale, lender fetched
2023-04-21T16:09:31.403Z, info, GET /lender/getSale, lender fetched
2023-04-21T16:09:38.419Z, info, GET /lender/getSale, lender fetched
2023-04-21T16:09:42.510Z, info, GET /lender/getSale, lender fetched
2023-04-22T14:40:53.054Z, info, POST /lender/login, user login successfully
2023-04-22T14:50:54.493Z, info, POST /lender/login, user login successfully
2023-04-22T14:51:26.844Z, info, POST /lender/rent, Rent created successfully
2023-04-22T15:10:38.816Z, info, POST /lender/login, user login successfully
2023-04-22T15:11:18.513Z, info, POST /lender/rent, Rent created successfully
2023-04-22T15:13:08.246Z, info, POST /lender/rent, Rent created successfully
2023-04-22T15:13:48.372Z, info, POST /lender/login, user login successfully
2023-04-22T15:20:22.569Z, info, POST /lender/rent, Rent created successfully
2023-04-22T15:45:03.905Z, info, POST /lender/login, user login successfully
2023-04-22T15:46:24.780Z, info, POST /lender/login, user login successfully
2023-04-22T15:47:00.453Z, info, POST /lender/login, user login successfully
2023-04-22T15:47:38.122Z, info, POST /lender/login, user login successfully
2023-04-22T15:51:51.920Z, info, DELETE /lender/deleteOrder/11, order deleted successfully
2023-04-22T15:55:09.165Z, info, PUT /lender/edit/4, product edited successfully
2023-04-22T15:59:07.350Z, info, PUT /lender/edit/4, product edited successfully
2023-04-22T16:00:07.119Z, info, POST /lender/rent, Rent created successfully
2023-04-22T16:05:57.697Z, info, POST /lender/register, user created
2023-04-22T16:06:29.307Z, info, POST /lender/register, user created
2023-04-22T16:07:13.344Z, info, POST /lender/register, user created
2023-04-22T16:09:13.273Z, info, POST /lender/register, user created
2023-04-22T16:09:24.494Z, info, POST /lender/register, user created
2023-04-22T16:10:40.466Z, info, POST /lender/register, user created
2023-04-22T16:11:11.610Z, info, POST /lender/login, user login successfully
2023-04-22T16:12:18.524Z, info, POST /lender/createCategory, category created
2023-04-22T16:12:51.030Z, info, POST /lender/createBrand, brand created successfully
2023-04-22T16:15:38.160Z, info, POST /lender/login, user login successfully
2023-04-22T16:21:40.046Z, info, POST /lender/createProduct, product created successfully
2023-04-22T16:22:08.430Z, info, POST /lender/createProduct, product created successfully
2023-04-22T16:30:28.506Z, info, GET /lender/getCategory, category fetched successfully
2023-04-22T16:30:44.986Z, info, GET /lender/getCategory, category fetched successfully
2023-04-22T16:31:20.459Z, info, GET /lender/getCategory, category fetched successfully
2023-04-22T16:31:35.030Z, info, GET /lender/getCategory, category fetched successfully
2023-04-22T16:31:49.644Z, info, GET /lender/getCategory, category fetched successfully
2023-04-22T16:32:00.487Z, info, GET /lender/getCategory, category fetched successfully
2023-04-22T16:32:09.823Z, info, GET /lender/getCategory, category fetched successfully
2023-04-22T16:32:27.324Z, info, GET /lender/getBrand, brand fetched successfully
2023-04-22T16:32:54.227Z, info, GET /lender/getCategory, category fetched successfully
2023-04-22T16:33:00.344Z, info, GET /lender/getBrand, brand fetched successfully
2023-04-22T16:33:07.285Z, info, GET /lender/getBrand, brand fetched successfully
2023-04-22T16:33:25.344Z, info, GET /lender/getBrand, brand fetched successfully
2023-04-22T16:33:37.991Z, info, GET /lender/getProduct, product fetched successfully
2023-04-22T16:33:49.367Z, info, GET /lender/getProduct, product fetched successfully
2023-04-22T16:33:57.970Z, info, GET /lender/getProduct, product fetched successfully
2023-04-22T16:34:15.768Z, info, GET /lender/getProduct, product fetched successfully
2023-04-22T16:34:25.339Z, info, GET /lender/getProduct, product fetched successfully
2023-04-23T01:54:46.523Z, info, POST /lender/login, user login successfully
2023-04-23T01:55:24.949Z, info, GET /lender/getCategory, category fetched successfully
2023-04-23T01:59:30.622Z, info, GET /lender/getRent, rental fetched
2023-04-23T02:05:31.516Z, info, POST /lender/login, user login successfully
2023-04-23T02:06:35.896Z, info, GET /lender/getRent, rental fetched
2023-04-23T02:31:48.301Z, info, PUT /lender/edit/6, product edited successfully
2023-04-23T02:35:08.647Z, info, DELETE /lender/deleteProduct/44, product deleted successfully
2023-04-23T02:59:54.099Z, info, POST /lender/createProduct, Product created successfully
2023-04-23T03:10:19.695Z, info, PUT /lender/edit/6, product edited successfully
2023-04-23T03:18:21.843Z, info, POST /lender/login, user login successfully
2023-04-23T03:21:14.930Z, info, POST /lender/createProduct, Product created successfully
2023-04-23T06:36:10.684Z, info, POST /lender/login, user login successfully
2023-04-23T06:36:49.896Z, info, POST /lender/login, user login successfully
2023-04-23T06:40:35.821Z, info, POST /lender/createProduct, Product created successfully
2023-04-23T06:41:18.959Z, info, POST /lender/register, user created
2023-04-23T06:43:28.884Z, info, POST /lender/login, user login successfully
2023-04-23T06:58:57.408Z, info, POST /lender/register, user created
2023-04-23T06:59:14.059Z, info, POST /lender/register, user created
2023-04-23T06:59:35.551Z, info, POST /lender/uploadCategory, uploaded
2023-04-23T06:59:41.847Z, info, POST /lender/uploadBrand, uploaded
2023-04-23T06:59:48.082Z, info, POST /lender/uploadProduct, uploaded
2023-04-23T07:01:26.086Z, info, POST /lender/uploadProduct, uploaded
2023-04-23T07:03:19.837Z, info, POST /lender/register, user created
2023-04-23T07:03:30.524Z, info, POST /lender/register, user created
2023-04-23T07:03:50.472Z, info, POST /lender/register, user created
2023-04-23T07:04:01.581Z, info, POST /lender/register, user created
2023-04-23T07:04:11.336Z, info, POST /lender/register, user created
2023-04-23T07:04:30.966Z, info, POST /lender/register, user created
2023-04-23T07:04:47.651Z, info, POST /lender/register, user created
2023-04-23T07:05:00.565Z, info, POST /lender/register, user created
2023-04-23T07:05:21.939Z, info, POST /lender/register, user created
2023-04-23T07:05:35.327Z, info, POST /lender/register, user created
2023-04-23T07:06:00.945Z, info, POST /lender/register, user created
2023-04-23T07:06:15.059Z, info, POST /lender/uploadProduct, uploaded
2023-04-23T07:06:55.817Z, info, POST /lender/login, user login successfully
2023-04-23T07:08:00.723Z, info, POST /lender/sale, purchased successfully
2023-04-23T07:09:02.573Z, info, POST /lender/sale, purchased successfully
2023-04-23T07:09:18.087Z, info, POST /lender/rent, Rent created successfully
2023-04-23T07:09:31.252Z, info, POST /lender/rent, Rent created successfully
2023-04-23T07:11:16.048Z, info, POST /lender/rent, Rent created successfully
2023-04-23T07:13:58.159Z, info, POST /lender/sale, purchased successfully
2023-04-23T07:14:24.664Z, info, POST /lender/sale, purchased successfully
2023-04-23T07:17:21.195Z, info, POST /lender/rent, Rent created successfully
2023-04-23T07:17:53.229Z, info, POST /lender/rent, Rent created successfully
2023-04-23T07:18:39.964Z, info, POST /lender/login, user login successfully
2023-04-23T07:19:06.591Z, info, POST /lender/sale, purchased successfully
2023-04-23T07:19:33.135Z, info, POST /lender/rent, Rent created successfully
2023-04-23T07:19:53.016Z, info, POST /lender/login, user login successfully
2023-04-23T07:20:18.732Z, info, POST /lender/sale, purchased successfully
2023-04-23T07:20:57.648Z, info, POST /lender/rent, Rent created successfully
2023-04-23T07:21:30.462Z, info, POST /lender/login, user login successfully
2023-04-23T07:22:27.968Z, info, POST /lender/rent, Rent created successfully
2023-04-23T07:22:35.626Z, info, POST /lender/sale, purchased successfully
2023-04-23T07:23:06.248Z, info, POST /lender/login, user login successfully
2023-04-23T07:23:31.890Z, info, POST /lender/sale, purchased successfully
2023-04-23T07:24:08.349Z, info, POST /lender/rent, Rent created successfully
2023-04-23T07:24:42.759Z, info, POST /lender/login, user login successfully
2023-04-23T07:25:05.089Z, info, POST /lender/sale, purchased successfully
2023-04-23T07:25:15.392Z, info, POST /lender/login, user login successfully
2023-04-23T07:25:34.046Z, info, POST /lender/sale, purchased successfully
2023-04-23T07:26:05.925Z, info, POST /lender/login, user login successfully
2023-04-23T07:26:42.608Z, info, POST /lender/rent, Rent created successfully
2023-04-23T07:27:20.551Z, info, POST /lender/login, user login successfully
2023-04-23T07:27:36.233Z, info, GET /lender/getCategory, category fetched successfully
2023-04-23T07:28:43.066Z, info, POST /lender/login, user login successfully
2023-04-23T07:29:12.095Z, info, POST /lender/login, user login successfully
2023-04-23T07:29:23.281Z, info, GET /lender/allusers, user fetched
2023-04-23T07:29:31.729Z, info, GET /lender/users, user fetched
2023-04-23T07:31:15.026Z, info, POST /lender/rent, Rent created successfully
2023-04-23T07:33:24.186Z, info, GET /lender/users, user fetched
2023-04-23T07:33:38.067Z, info, GET /lender/users, user fetched
2023-04-23T07:33:45.384Z, info, GET /lender/users, user fetched
2023-04-23T07:33:55.224Z, info, GET /lender/users, unable to fetch
2023-04-23T07:34:13.257Z, info, GET /lender/users, user fetched
2023-04-23T07:34:17.850Z, info, GET /lender/users, user fetched
2023-04-23T07:34:47.178Z, info, GET /lender/allusers, user fetched
2023-04-23T07:36:00.248Z, info, GET /lender/searchAll, fetched successfully
2023-04-23T07:37:09.025Z, info, POST /lender/login, user login successfully
2023-04-23T07:37:35.826Z, info, POST /lender/login, user login successfully
2023-04-23T07:37:48.518Z, info, POST /lender/login, user login successfully
2023-04-23T08:24:47.992Z, info, POST /lender/login, user login successfully
2023-04-23T08:25:00.714Z, error, DELETE /lender/deleteProduct/44, Product not found
2023-04-23T08:25:23.436Z, info, DELETE /lender/deleteProduct/46, product deleted successfully
